Build started 12/10/2016 12:14:18 p.m..
     1>Project "C:\Users\c.locatelli\Desktop\EngineDX\EngineDX\EngineDX.vcxproj" on node 2 (Build target(s)).
     1>ClCompile:
         C:\Program Files (x86)\Microsoft Visual Studio 12.0\VC\bin\CL.exe /c /ZI /nologo /W3 /WX- /sdl /Od /Oy- /D WIN32 /D _DEBUG /D _WINDOWS /D _UNICODE /D UNICODE /Gm /EHsc /RTC1 /MDd /GS /fp:precise /Zc:wchar_t /Zc:forScope /Fo"Debug\\" /Fd"Debug\vc120.pdb" /Gd /TP /analyze- /errorReport:prompt DDSTextureLoader.cpp
         DDSTextureLoader.cpp
       Link:
         C:\Program Files (x86)\Microsoft Visual Studio 12.0\VC\bin\link.exe /ERRORREPORT:PROMPT /OUT:"C:\Users\c.locatelli\Desktop\EngineDX\Debug\EngineDX.exe" /INCREMENTAL /NOLOGO d3d11.lib dxgi.lib D3DCompiler.lib Gdi32.lib kernel32.lib user32.lib gdi32.lib winspool.lib comdlg32.lib advapi32.lib shell32.lib ole32.lib oleaut32.lib uuid.lib odbc32.lib odbccp32.lib /MANIFEST /MANIFESTUAC:"level='asInvoker' uiAccess='false'" /manifest:embed /DEBUG /PDB:"C:\Users\c.locatelli\Desktop\EngineDX\Debug\EngineDX.pdb" /SUBSYSTEM:WINDOWS /TLBID:1 /DYNAMICBASE /NXCOMPAT /IMPLIB:"C:\Users\c.locatelli\Desktop\EngineDX\Debug\EngineDX.lib" /MACHINE:X86 Debug\DDSTextureLoader.obj
         Debug\DIRECTX.obj
         Debug\GRAPHICS.obj
         Debug\INPUT.obj
         Debug\MAIN.obj
         Debug\MODEL.obj
         Debug\pch.obj
         Debug\SHADER.obj
         Debug\SYSTEM.obj
         Debug\TEXTURE.obj
         Debug\TIMER.obj
         EngineDX.vcxproj -> C:\Users\c.locatelli\Desktop\EngineDX\Debug\EngineDX.exe
     1>Done Building Project "C:\Users\c.locatelli\Desktop\EngineDX\EngineDX\EngineDX.vcxproj" (Build target(s)).

Build succeeded.

Time Elapsed 00:00:02.96
